<?xml version="1.0" encoding="UTF-8"?>
<testsuite xmlns:xsi="http://www.w3.org/2001/XMLSchema-instance" xsi:noNamespaceSchemaLocation="https://maven.apache.org/surefire/maven-surefire-plugin/xsd/surefire-test-report.xsd" version="3.0.2" name="com.example.academia.AcademiaApplicationTests" time="9.735" tests="1" errors="0" skipped="0" failures="0">
  <properties>
[...]
</properties>
  <testcase name="contextLoads" classname="com.example.academia.AcademiaApplicationTests" time="3.548">
    <system-out><![CDATA[07:56:48.755 [main] INFO org.springframework.test.context.support.AnnotationConfigContextLoaderUtils -- Could not detect default configuration classes for test class [com.example.academia.AcademiaApplicationTests]: AcademiaApplicationTests does not declare any static, non-private, non-final, nested classes annotated with @Configuration.
07:56:49.462 [main] INFO org.springframework.boot.test.context.SpringBootTestContextBootstrapper -- Found @SpringBootConfiguration com.example.academia.AcademiaApplication for test class com.example.academia.AcademiaApplicationTests

  .   ____          _            __ _ _
 /\\ / ___'_ __ _ _(_)_ __  __ _ \ \ \ \
( ( )\___ | '_ | '_| | '_ \/ _` | \ \ \ \
 \\/  ___)| |_)| | | | | || (_| |  ) ) ) )
  '  |____| .__|_| |_|_| |_\__, | / / / /
 =========|_|==============|___/=/_/_/_/

 :: Spring Boot ::                (v3.4.4)

2025-04-01T07:56:51.994-05:00  INFO 2810 --- [academia] [           main] c.e.academia.AcademiaApplicationTests    : Starting AcademiaApplicationTests using Java 17.0.14 with PID 2810 (started by root in /mnt/c/Users/jaider.jaramillo/OneDrive - Softtek/Coppel/Capacitaciones/Academia20251/academia/academia)
2025-04-01T07:56:51.998-05:00  INFO 2810 --- [academia] [           main] c.e.academia.AcademiaApplicationTests    : No active profile set, falling back to 1 default profile: "default"
2025-04-01T07:56:54.029-05:00  INFO 2810 --- [academia] [           main] c.e.academia.AcademiaApplicationTests    : Started AcademiaApplicationTests in 3.501 seconds (process running for 7.49)
]]></system-out>
  </testcase>
</testsuite>